<?xml version="1.0" encoding="UTF-8"?>
<testsuite name="com.acme.AppTest" tests="1" skipped="0" failures="0" errors="0" timestamp="2024-09-10T12:03:37" hostname="DDFTOR2XCS" time="0.093">
  <properties/>
  <testcase name="testAppHasAGreeting()" classname="com.acme.AppTest" time="0.093"/>
  <system-out><![CDATA[]]></system-out>
  <system-err><![CDATA[]]></system-err>
</testsuite>
